
  .   ____          _            __ _ _
 /\\ / ___'_ __ _ _(_)_ __  __ _ \ \ \ \
( ( )\___ | '_ | '_| | '_ \/ _` | \ \ \ \
 \\/  ___)| |_)| | | | | || (_| |  ) ) ) )
  '  |____| .__|_| |_|_| |_\__, | / / / /
 =========|_|==============|___/=/_/_/_/
 :: Spring Boot ::        (v2.0.5.RELEASE)

22:02:40.721 INFO  [StartApplication] Starting StartApplication v0.0.1-SNAPSHOT on jingyongxiangdeMacBook-Pro.local with PID 38008 (/Users/jingyongxiang/project/orange/factoring/target/start-0.0.1-SNAPSHOT.jar started by jingyongxiang in /Users/jingyongxiang/project/orange/factoring)
22:02:40.726 INFO  [StartApplication] No active profile set, falling back to default profiles: default
22:02:41.155 INFO  [AnnotationConfigServletWebServerApplicationContext] Refreshing org.springframework.boot.web.servlet.context.AnnotationConfigServletWebServerApplicationContext@5f5a92bb: startup date [Sun Jan 05 22:02:41 CST 2020]; root of context hierarchy
22:02:43.259 INFO  [TomcatWebServer] Tomcat initialized with port(s): 80 (http)
22:02:43.279 INFO  [Http11NioProtocol] Initializing ProtocolHandler ["http-nio-80"]
22:02:43.293 INFO  [StandardService] Starting service [Tomcat]
22:02:43.293 INFO  [StandardEngine] Starting Servlet Engine: Apache Tomcat/8.5.34
22:02:43.304 INFO  [AprLifecycleListener] The APR based Apache Tomcat Native library which allows optimal performance in production environments was not found on the java.library.path: [/Users/jingyongxiang/Library/Java/Extensions:/Library/Java/Extensions:/Network/Library/Java/Extensions:/System/Library/Java/Extensions:/usr/lib/java:.]
22:02:43.387 INFO  [[/]  ] Initializing Spring embedded WebApplicationContext
22:02:43.387 INFO  [ContextLoader] Root WebApplicationContext: initialization completed in 2232 ms
22:02:43.906 INFO  [ServletRegistrationBean] Servlet dispatcherServlet mapped to [/]
22:02:43.910 INFO  [FilterRegistrationBean] Mapping filter: 'characterEncodingFilter' to: [/*]
22:02:43.911 INFO  [FilterRegistrationBean] Mapping filter: 'hiddenHttpMethodFilter' to: [/*]
22:02:43.911 INFO  [FilterRegistrationBean] Mapping filter: 'httpPutFormContentFilter' to: [/*]
22:02:43.911 INFO  [FilterRegistrationBean] Mapping filter: 'requestContextFilter' to: [/*]
22:02:43.911 INFO  [FilterRegistrationBean] Mapping filter: 'loginFilter' to urls: [/*]
22:02:45.177 INFO  [SimpleUrlHandlerMapping] Mapped URL path [/**/favicon.ico] onto handler of type [class org.springframework.web.servlet.resource.ResourceHttpRequestHandler]
22:02:45.330 INFO  [RequestMappingHandlerAdapter] Looking for @ControllerAdvice: org.springframework.boot.web.servlet.context.AnnotationConfigServletWebServerApplicationContext@5f5a92bb: startup date [Sun Jan 05 22:02:41 CST 2020]; root of context hierarchy
22:02:45.400 INFO  [RequestMappingHandlerMapping] Mapped "{[/contractInfo],methods=[GET]}" onto public java.lang.String com.smile.start.web.controller.contract.ContractInfoController.index(javax.servlet.http.HttpServletRequest,org.springframework.ui.Model)
22:02:45.401 INFO  [RequestMappingHandlerMapping] Mapped "{[/contractInfo],methods=[POST]}" onto public com.smile.start.model.base.SingleResult<java.lang.Long> com.smile.start.web.controller.contract.ContractInfoController.add(com.smile.start.model.dto.ContractInfoDTO)
22:02:45.402 INFO  [RequestMappingHandlerMapping] Mapped "{[/contractInfo/{projectId}],methods=[GET]}" onto public com.smile.start.model.base.SingleResult<com.smile.start.model.dto.ContractInfoDTO> com.smile.start.web.controller.contract.ContractInfoController.get(java.lang.Long)
22:02:45.402 INFO  [RequestMappingHandlerMapping] Mapped "{[/contractInfo],methods=[PUT]}" onto public com.smile.start.model.base.BaseResult com.smile.start.web.controller.contract.ContractInfoController.update(com.smile.start.model.dto.ContractInfoDTO)
22:02:45.402 INFO  [RequestMappingHandlerMapping] Mapped "{[/contractInfo/{id}],methods=[DELETE]}" onto public com.smile.start.model.base.BaseResult com.smile.start.web.controller.contract.ContractInfoController.delete(java.lang.Long)
22:02:45.403 INFO  [RequestMappingHandlerMapping] Mapped "{[/contractInfo/list],methods=[POST]}" onto public com.github.pagehelper.PageInfo<com.smile.start.model.dto.ContractBaseInfoDTO> com.smile.start.web.controller.contract.ContractInfoController.list(com.smile.start.model.base.PageRequest<com.smile.start.model.dto.ContractInfoSearchDTO>)
22:02:45.403 INFO  [RequestMappingHandlerMapping] Mapped "{[/contractInfo/submitAudit/{id}],methods=[PUT]}" onto public com.smile.start.model.base.BaseResult com.smile.start.web.controller.contract.ContractInfoController.submitAudit(java.lang.Long)
22:02:45.403 INFO  [RequestMappingHandlerMapping] Mapped "{[/contractInfo/project/{id}],methods=[GET]}" onto public java.util.List<com.smile.start.model.contract.ContractSignList> com.smile.start.web.controller.contract.ContractInfoController.getSignList(java.lang.Long)
22:02:45.404 INFO  [RequestMappingHandlerMapping] Mapped "{[/contractInfo/attach/{id}],methods=[GET]}" onto public com.smile.start.model.base.ListResult<com.smile.start.model.dto.ContractAttachDTO> com.smile.start.web.controller.contract.ContractInfoController.getAttachList(java.lang.Long)
22:02:45.405 INFO  [RequestMappingHandlerMapping] Mapped "{[/contractAudit],methods=[GET]}" onto public java.lang.String com.smile.start.web.controller.contract.ContractAuditController.index()
22:02:45.406 INFO  [RequestMappingHandlerMapping] Mapped "{[/contractAudit/list],methods=[POST]}" onto public com.github.pagehelper.PageInfo<com.smile.start.model.dto.ContractBaseInfoDTO> com.smile.start.web.controller.contract.ContractAuditController.list(com.smile.start.model.base.PageRequest<com.smile.start.model.dto.ContractAuditSearchDTO>)
22:02:45.406 INFO  [RequestMappingHandlerMapping] Mapped "{[/contractAudit/auditRecordList/{contractSerialNo}],methods=[GET]}" onto public com.smile.start.model.base.ListResult<com.smile.start.model.dto.ContractAuditRecordDTO> com.smile.start.web.controller.contract.ContractAuditController.auditRecordList(java.lang.String)
22:02:45.406 INFO  [RequestMappingHandlerMapping] Mapped "{[/contractAudit/audit],methods=[POST]}" onto public com.smile.start.model.base.BaseResult com.smile.start.web.controller.contract.ContractAuditController.audit(com.smile.start.model.dto.ContractAuditDTO)
22:02:45.408 INFO  [RequestMappingHandlerMapping] Mapped "{[/contractSign],methods=[GET]}" onto public java.lang.String com.smile.start.web.controller.contract.ContractSignController.index(javax.servlet.http.HttpServletRequest,org.springframework.ui.Model)
22:02:45.408 INFO  [RequestMappingHandlerMapping] Mapped "{[/contractSign/list],methods=[POST]}" onto public com.github.pagehelper.PageInfo<com.smile.start.model.dto.ContractBaseInfoDTO> com.smile.start.web.controller.contract.ContractSignController.list(com.smile.start.model.base.PageRequest<com.smile.start.model.dto.ContractInfoSearchDTO>)
22:02:45.409 INFO  [RequestMappingHandlerMapping] Mapped "{[/contractSign/save],methods=[POST]}" onto public com.smile.start.model.base.BaseResult com.smile.start.web.controller.contract.ContractSignController.save(com.smile.start.model.dto.ContractSignDTO)
22:02:45.409 INFO  [RequestMappingHandlerMapping] Mapped "{[/contractSign/signList/{projectId}],methods=[GET]}" onto public com.smile.start.model.base.ListResult<com.smile.start.model.dto.ContractSignListDTO> com.smile.start.web.controller.contract.ContractSignController.signList(java.lang.Long)
22:02:45.410 INFO  [RequestMappingHandlerMapping] Mapped "{[/loanApply],methods=[GET]}" onto public java.lang.String com.smile.start.web.controller.loan.LoanApplyController.index(javax.servlet.http.HttpServletRequest,org.springframework.ui.Model)
22:02:45.410 INFO  [RequestMappingHandlerMapping] Mapped "{[/loanApply],methods=[POST]}" onto public com.smile.start.model.base.BaseResult com.smile.start.web.controller.loan.LoanApplyController.save(com.smile.start.model.loan.Loan)
22:02:45.411 INFO  [RequestMappingHandlerMapping] Mapped "{[/loanApply/commit],methods=[POST]}" onto public com.smile.start.model.base.BaseResult com.smile.start.web.controller.loan.LoanApplyController.commit(javax.servlet.http.HttpServletRequest,com.smile.start.model.loan.Loan)
22:02:45.411 INFO  [RequestMappingHandlerMapping] Mapped "{[/loanApply/{id}],methods=[GET]}" onto public com.smile.start.model.loan.Loan com.smile.start.web.controller.loan.LoanApplyController.getLoan(java.lang.Long)
22:02:45.411 INFO  [RequestMappingHandlerMapping] Mapped "{[/loanApply/download],methods=[GET]}" onto public void com.smile.start.web.controller.loan.LoanApplyController.download(java.lang.Long)
22:02:45.412 INFO  [RequestMappingHandlerMapping] Mapped "{[/organizational],methods=[GET]}" onto public java.lang.String com.smile.start.web.controller.auth.OrganizationalController.index()
22:02:45.412 INFO  [RequestMappingHandlerMapping] Mapped "{[/organizational],methods=[POST]}" onto public com.smile.start.model.base.BaseResult com.smile.start.web.controller.auth.OrganizationalController.add(com.smile.start.model.dto.OrganizationalDTO)
22:02:45.413 INFO  [RequestMappingHandlerMapping] Mapped "{[/organizational/{id}],methods=[GET]}" onto public com.smile.start.model.base.SingleResult<com.smile.start.model.dto.OrganizationalDTO> com.smile.start.web.controller.auth.OrganizationalController.get(java.lang.Long)
22:02:45.413 INFO  [RequestMappingHandlerMapping] Mapped "{[/organizational],methods=[PUT]}" onto public com.smile.start.model.base.BaseResult com.smile.start.web.controller.auth.OrganizationalController.update(com.smile.start.model.dto.OrganizationalDTO)
22:02:45.413 INFO  [RequestMappingHandlerMapping] Mapped "{[/organizational/{id}],methods=[DELETE]}" onto public com.smile.start.model.base.BaseResult com.smile.start.web.controller.auth.OrganizationalController.delete(java.lang.Long)
22:02:45.413 INFO  [RequestMappingHandlerMapping] Mapped "{[/organizational/list],methods=[GET]}" onto public com.smile.start.model.base.ListResult<com.smile.start.model.dto.OrganizationalDTO> com.smile.start.web.controller.auth.OrganizationalController.list()
22:02:45.413 INFO  [RequestMappingHandlerMapping] Mapped "{[/organizational/list],methods=[POST]}" onto public com.github.pagehelper.PageInfo<com.smile.start.model.dto.OrganizationalDTO> com.smile.start.web.controller.auth.OrganizationalController.list(com.smile.start.model.base.PageRequest<com.smile.start.model.dto.OrganizationalSearchDTO>)
22:02:45.415 INFO  [RequestMappingHandlerMapping] Mapped "{[/permission],methods=[GET]}" onto public java.lang.String com.smile.start.web.controller.auth.PermissionInfoController.index()
22:02:45.416 INFO  [RequestMappingHandlerMapping] Mapped "{[/permission],methods=[POST]}" onto public com.smile.start.model.base.BaseResult com.smile.start.web.controller.auth.PermissionInfoController.add(com.smile.start.model.dto.AuthPermissionInfoDTO)
22:02:45.416 INFO  [RequestMappingHandlerMapping] Mapped "{[/permission/{id}],methods=[GET]}" onto public com.smile.start.model.base.SingleResult<com.smile.start.model.dto.AuthPermissionInfoDTO> com.smile.start.web.controller.auth.PermissionInfoController.get(java.lang.Long)
22:02:45.416 INFO  [RequestMappingHandlerMapping] Mapped "{[/permission],methods=[PUT]}" onto public com.smile.start.model.base.BaseResult com.smile.start.web.controller.auth.PermissionInfoController.update(com.smile.start.model.dto.AuthPermissionInfoDTO)
22:02:45.416 INFO  [RequestMappingHandlerMapping] Mapped "{[/permission/{id}],methods=[DELETE]}" onto public com.smile.start.model.base.BaseResult com.smile.start.web.controller.auth.PermissionInfoController.delete(java.lang.Long)
22:02:45.417 INFO  [RequestMappingHandlerMapping] Mapped "{[/permission/list/{permissionType}],methods=[GET]}" onto public com.smile.start.model.base.ListResult<com.smile.start.model.dto.AuthPermissionInfoDTO> com.smile.start.web.controller.auth.PermissionInfoController.list(java.lang.Integer)
22:02:45.417 INFO  [RequestMappingHandlerMapping] Mapped "{[/permission/list],methods=[POST]}" onto public com.github.pagehelper.PageInfo<com.smile.start.model.dto.AuthPermissionInfoDTO> com.smile.start.web.controller.auth.PermissionInfoController.list(com.smile.start.model.base.PageRequest<com.smile.start.model.dto.PermissionSearchDTO>)
22:02:45.417 INFO  [RequestMappingHandlerMapping] Mapped "{[/permission/tree/{roleSerialNo}],methods=[GET]}" onto public com.smile.start.model.base.ListResult<com.smile.start.model.common.Tree> com.smile.start.web.controller.auth.PermissionInfoController.tree(java.lang.String)
22:02:45.420 INFO  [RequestMappingHandlerMapping] Mapped "{[/user],methods=[GET]}" onto public java.lang.String com.smile.start.web.controller.auth.UserInfoController.index()
22:02:45.420 INFO  [RequestMappingHandlerMapping] Mapped "{[/user],methods=[POST]}" onto public com.smile.start.model.base.BaseResult com.smile.start.web.controller.auth.UserInfoController.add(com.smile.start.model.dto.AuthUserInfoDTO)
22:02:45.420 INFO  [RequestMappingHandlerMapping] Mapped "{[/user/{id}],methods=[GET]}" onto public com.smile.start.model.base.SingleResult<com.smile.start.model.dto.AuthUserInfoDTO> com.smile.start.web.controller.auth.UserInfoController.get(java.lang.Long)
22:02:45.421 INFO  [RequestMappingHandlerMapping] Mapped "{[/user],methods=[PUT]}" onto public com.smile.start.model.base.BaseResult com.smile.start.web.controller.auth.UserInfoController.update(com.smile.start.model.dto.AuthUserInfoDTO)
22:02:45.421 INFO  [RequestMappingHandlerMapping] Mapped "{[/user/{id}],methods=[DELETE]}" onto public com.smile.start.model.base.BaseResult com.smile.start.web.controller.auth.UserInfoController.delete(java.lang.Long)
22:02:45.421 INFO  [RequestMappingHandlerMapping] Mapped "{[/user/list],methods=[POST]}" onto public com.github.pagehelper.PageInfo<com.smile.start.model.dto.AuthUserInfoDTO> com.smile.start.web.controller.auth.UserInfoController.list(com.smile.start.model.base.PageRequest<com.smile.start.model.dto.UserSearchDTO>)
22:02:45.421 INFO  [RequestMappingHandlerMapping] Mapped "{[/user/updatePassword],methods=[PUT]}" onto public com.smile.start.model.base.BaseResult com.smile.start.web.controller.auth.UserInfoController.updatePassword(com.smile.start.model.dto.UpdatePasswordDTO)
22:02:45.424 INFO  [RequestMappingHandlerMapping] Mapped "{[/role],methods=[GET]}" onto public java.lang.String com.smile.start.web.controller.auth.RoleInfoController.index()
22:02:45.425 INFO  [RequestMappingHandlerMapping] Mapped "{[/role],methods=[POST]}" onto public com.smile.start.model.base.BaseResult com.smile.start.web.controller.auth.RoleInfoController.add(com.smile.start.model.dto.AuthRoleInfoDTO)
22:02:45.425 INFO  [RequestMappingHandlerMapping] Mapped "{[/role/{id}],methods=[GET]}" onto public com.smile.start.model.base.SingleResult<com.smile.start.model.dto.AuthRoleInfoDTO> com.smile.start.web.controller.auth.RoleInfoController.get(java.lang.Long)
22:02:45.425 INFO  [RequestMappingHandlerMapping] Mapped "{[/role],methods=[PUT]}" onto public com.smile.start.model.base.BaseResult com.smile.start.web.controller.auth.RoleInfoController.update(com.smile.start.model.dto.AuthRoleInfoDTO)
22:02:45.425 INFO  [RequestMappingHandlerMapping] Mapped "{[/role/{id}],methods=[DELETE]}" onto public com.smile.start.model.base.BaseResult com.smile.start.web.controller.auth.RoleInfoController.delete(java.lang.Long)
22:02:45.426 INFO  [RequestMappingHandlerMapping] Mapped "{[/role/list],methods=[POST]}" onto public com.github.pagehelper.PageInfo<com.smile.start.model.dto.AuthRoleInfoDTO> com.smile.start.web.controller.auth.RoleInfoController.list(com.smile.start.model.base.PageRequest<com.smile.start.model.dto.RoleSearchDTO>)
22:02:45.426 INFO  [RequestMappingHandlerMapping] Mapped "{[/role/all],methods=[GET]}" onto public com.smile.start.model.base.ListResult<com.smile.start.model.dto.AuthRoleInfoDTO> com.smile.start.web.controller.auth.RoleInfoController.all()
22:02:45.426 INFO  [RequestMappingHandlerMapping] Mapped "{[/role/permission],methods=[POST]}" onto public com.smile.start.model.base.BaseResult com.smile.start.web.controller.auth.RoleInfoController.savePersmission(com.smile.start.model.auth.PermissionSetting)
22:02:45.426 INFO  [RequestMappingHandlerMapping] Mapped "{[/factoringLoan],methods=[GET]}" onto public java.lang.String com.smile.start.web.controller.factoring.FactoringLoanController.index(javax.servlet.http.HttpServletRequest,org.springframework.ui.Model)
22:02:45.427 INFO  [RequestMappingHandlerMapping] Mapped "{[/factoringStatus],methods=[POST]}" onto public com.smile.start.model.base.BaseResult com.smile.start.web.controller.factoring.FactoringStatusController.apply(javax.servlet.http.HttpServletRequest,com.smile.start.model.project.Project)
22:02:45.427 INFO  [RequestMappingHandlerMapping] Mapped "{[/factoringStatus/check],methods=[POST]}" onto public com.smile.start.model.base.BaseResult com.smile.start.web.controller.factoring.FactoringStatusController.canGetBack(javax.servlet.http.HttpServletRequest,com.smile.start.model.project.Project)
22:02:45.427 INFO  [RequestMappingHandlerMapping] Mapped "{[/factoringStatus/back],methods=[POST]}" onto public com.smile.start.model.base.BaseResult com.smile.start.web.controller.factoring.FactoringStatusController.back(javax.servlet.http.HttpServletRequest,com.smile.start.model.project.Project)
22:02:45.428 INFO  [RequestMappingHandlerMapping] Mapped "{[/afterLoan],methods=[GET]}" onto public java.lang.String com.smile.start.web.controller.factoring.AfterLoanController.index(javax.servlet.http.HttpServletRequest,org.springframework.ui.Model)
22:02:45.428 INFO  [RequestMappingHandlerMapping] Mapped "{[/main],methods=[GET]}" onto public java.lang.String com.smile.start.web.controller.MainController.index()
22:02:45.429 INFO  [RequestMappingHandlerMapping] Mapped "{[/sealRecord],methods=[GET]}" onto public java.lang.String com.smile.start.web.controller.seal.SealRecordController.index()
22:02:45.429 INFO  [RequestMappingHandlerMapping] Mapped "{[/sealRecord/list],methods=[POST]}" onto public com.github.pagehelper.PageInfo<com.smile.start.model.seal.ProjectSeal> com.smile.start.web.controller.seal.SealRecordController.record(com.smile.start.model.base.PageRequest<com.smile.start.model.dto.SealSearchDTO>)
22:02:45.430 INFO  [RequestMappingHandlerMapping] Mapped "{[/seal],methods=[GET]}" onto public java.lang.String com.smile.start.web.controller.seal.SealController.index()
22:02:45.430 INFO  [RequestMappingHandlerMapping] Mapped "{[/seal/list],methods=[POST]}" onto public com.github.pagehelper.PageInfo<com.smile.start.model.seal.ProjectSeal> com.smile.start.web.controller.seal.SealController.list(com.smile.start.model.base.PageRequest<com.smile.start.model.dto.SealSearchDTO>)
22:02:45.430 INFO  [RequestMappingHandlerMapping] Mapped "{[/seal/sealFinish/{projectId}],methods=[POST]}" onto public com.smile.start.model.base.BaseResult com.smile.start.web.controller.seal.SealController.sealFinish(java.lang.Long)
22:02:45.431 INFO  [RequestMappingHandlerMapping] Mapped "{[/combo/users]}" onto public java.util.List<com.smile.start.web.controller.combobox.Item> com.smile.start.web.controller.combobox.Combobox.getUsers()
22:02:45.432 INFO  [RequestMappingHandlerMapping] Mapped "{[/combo/progress]}" onto public java.util.List<com.smile.start.web.controller.combobox.Item> com.smile.start.web.controller.combobox.Combobox.getProgress()
22:02:45.432 INFO  [RequestMappingHandlerMapping] Mapped "{[/combo/filingProgress]}" onto public java.util.List<com.smile.start.web.controller.combobox.Item> com.smile.start.web.controller.combobox.Combobox.getFilingProgress()
22:02:45.432 INFO  [RequestMappingHandlerMapping] Mapped "{[/combo/filingSubProgress]}" onto public java.util.List<com.smile.start.web.controller.combobox.Item> com.smile.start.web.controller.combobox.Combobox.getFilingSubProgress()
22:02:45.432 INFO  [RequestMappingHandlerMapping] Mapped "{[/combo/meetingStatus]}" onto public java.util.List<com.smile.start.web.controller.combobox.Item> com.smile.start.web.controller.combobox.Combobox.getMeetingStatus()
22:02:45.432 INFO  [RequestMappingHandlerMapping] Mapped "{[/combo/auditType]}" onto public java.util.List<com.smile.start.web.controller.combobox.Item> com.smile.start.web.controller.combobox.Combobox.getAuditType()
22:02:45.432 INFO  [RequestMappingHandlerMapping] Mapped "{[/combo/auditResult]}" onto public java.util.List<com.smile.start.web.controller.combobox.Item> com.smile.start.web.controller.combobox.Combobox.getAuditResult()
22:02:45.432 INFO  [RequestMappingHandlerMapping] Mapped "{[/combo/meetingKind]}" onto public java.util.List<com.smile.start.web.controller.combobox.Item> com.smile.start.web.controller.combobox.Combobox.getMeetingKind()
22:02:45.433 INFO  [RequestMappingHandlerMapping] Mapped "{[/combo/projectModel]}" onto public java.util.List<com.smile.start.web.controller.combobox.Item> com.smile.start.web.controller.combobox.Combobox.getProjectModel()
22:02:45.433 INFO  [RequestMappingHandlerMapping] Mapped "{[/combo/steps]}" onto public java.util.List<com.smile.start.web.controller.combobox.Item> com.smile.start.web.controller.combobox.Combobox.getSteps()
22:02:45.433 INFO  [RequestMappingHandlerMapping] Mapped "{[/combo/indexsteps]}" onto public java.util.List<com.smile.start.web.controller.combobox.Item> com.smile.start.web.controller.combobox.Combobox.getStepValue()
22:02:45.433 INFO  [RequestMappingHandlerMapping] Mapped "{[/combo/banks]}" onto public java.util.List<com.smile.start.web.controller.combobox.Item> com.smile.start.web.controller.combobox.Combobox.getBanks()
22:02:45.433 INFO  [RequestMappingHandlerMapping] Mapped "{[/combo/fundStatus/{investment}]}" onto public java.util.List<com.smile.start.web.controller.combobox.EnumItem> com.smile.start.web.controller.combobox.Combobox.getFundStatus(java.lang.Double)
22:02:45.433 INFO  [RequestMappingHandlerMapping] Mapped "{[/combo/fundStatus]}" onto public java.util.List<com.smile.start.web.controller.combobox.Item> com.smile.start.web.controller.combobox.Combobox.getFundStatus()
22:02:45.434 INFO  [RequestMappingHandlerMapping] Mapped "{[/combo/itemTypes]}" onto public java.util.List<com.smile.start.web.controller.combobox.Item> com.smile.start.web.controller.combobox.Combobox.getItemType()
22:02:45.435 INFO  [RequestMappingHandlerMapping] Mapped "{[/apply],methods=[GET]}" onto public java.lang.String com.smile.start.web.controller.project.ApplyController.index(javax.servlet.http.HttpServletRequest,org.springframework.ui.Model)
22:02:45.435 INFO  [RequestMappingHandlerMapping] Mapped "{[/apply],methods=[POST]}" onto public com.smile.start.model.base.BaseResult com.smile.start.web.controller.project.ApplyController.apply(javax.servlet.http.HttpServletRequest,com.smile.start.model.project.Project)
22:02:45.435 INFO  [RequestMappingHandlerMapping] Mapped "{[/apply],methods=[PUT]}" onto public com.smile.start.model.base.BaseResult com.smile.start.web.controller.project.ApplyController.skip(javax.servlet.http.HttpServletRequest,com.smile.start.model.project.Project)
22:02:45.436 INFO  [RequestMappingHandlerMapping] Mapped "{[/auditsHistory],methods=[GET]}" onto public java.lang.String com.smile.start.web.controller.project.AuditsHistoryController.index()
22:02:45.436 INFO  [RequestMappingHandlerMapping] Mapped "{[/auditsHistory/queryHistory],methods=[POST]}" onto public com.github.pagehelper.PageInfo<com.smile.start.model.project.Audit> com.smile.start.web.controller.project.AuditsHistoryController.queryHistory(javax.servlet.http.HttpServletRequest,com.smile.start.model.base.PageRequest<com.smile.start.model.project.AuditParam>)
22:02:45.437 INFO  [RequestMappingHandlerMapping] Mapped "{[/audit],methods=[GET]}" onto public java.lang.String com.smile.start.web.controller.project.AuditController.index(javax.servlet.http.HttpServletRequest,org.springframework.ui.Model)
22:02:45.437 INFO  [RequestMappingHandlerMapping] Mapped "{[/audit/{id}],methods=[GET]}" onto public com.smile.start.model.base.SingleResult<com.smile.start.model.project.Audit> com.smile.start.web.controller.project.AuditController.getAudit(java.lang.Long)
22:02:45.437 INFO  [RequestMappingHandlerMapping] Mapped "{[/audit],methods=[POST]}" onto public com.smile.start.model.base.BaseResult com.smile.start.web.controller.project.AuditController.pass(javax.servlet.http.HttpServletRequest,com.smile.start.model.project.AuditRecord)
22:02:45.438 INFO  [RequestMappingHandlerMapping] Mapped "{[/audit],methods=[PUT]}" onto public com.smile.start.model.base.BaseResult com.smile.start.web.controller.project.AuditController.reject(javax.servlet.http.HttpServletRequest,com.smile.start.model.project.AuditRecord)
22:02:45.439 INFO  [RequestMappingHandlerMapping] Mapped "{[/audits],methods=[GET]}" onto public java.lang.String com.smile.start.web.controller.project.AuditsController.index()
22:02:45.439 INFO  [RequestMappingHandlerMapping] Mapped "{[/audits/query],methods=[POST]}" onto public com.github.pagehelper.PageInfo<com.smile.start.model.project.Audit> com.smile.start.web.controller.project.AuditsController.query(javax.servlet.http.HttpServletRequest,com.smile.start.model.base.PageRequest<com.smile.start.model.project.AuditParam>)
22:02:45.441 INFO  [RequestMappingHandlerMapping] Mapped "{[/project],methods=[GET]}" onto public java.lang.String com.smile.start.web.controller.project.ProjectController.index(javax.servlet.http.HttpServletRequest,org.springframework.ui.Model)
22:02:45.442 INFO  [RequestMappingHandlerMapping] Mapped "{[/project],methods=[POST]}" onto public com.smile.start.model.base.BaseResult com.smile.start.web.controller.project.ProjectController.add(javax.servlet.http.HttpServletRequest,com.smile.start.model.project.Project)
22:02:45.442 INFO  [RequestMappingHandlerMapping] Mapped "{[/project/{id}],methods=[GET]}" onto public com.smile.start.model.project.Project com.smile.start.web.controller.project.ProjectController.get(java.lang.Long)
22:02:45.442 INFO  [RequestMappingHandlerMapping] Mapped "{[/project/{id}],methods=[DELETE]}" onto public com.smile.start.model.base.BaseResult com.smile.start.web.controller.project.ProjectController.delete(java.lang.Long)
22:02:45.442 INFO  [RequestMappingHandlerMapping] Mapped "{[/project/steps/{id}],methods=[GET]}" onto public java.util.List<com.smile.start.model.project.StepRecord> com.smile.start.web.controller.project.ProjectController.getSteps(java.lang.Long)
22:02:45.442 INFO  [RequestMappingHandlerMapping] Mapped "{[/project/step/{value}],methods=[GET]}" onto public java.util.List<com.smile.start.model.project.Project> com.smile.start.web.controller.project.ProjectController.getProjectByStep(com.smile.start.model.enums.Step)
22:02:45.442 INFO  [RequestMappingHandlerMapping] Mapped "{[/project],methods=[PUT]}" onto public com.smile.start.model.base.BaseResult com.smile.start.web.controller.project.ProjectController.edit(javax.servlet.http.HttpServletRequest,com.smile.start.model.project.Project)
22:02:45.443 INFO  [RequestMappingHandlerMapping] Mapped "{[/project/query],methods=[POST]}" onto public com.github.pagehelper.PageInfo<com.smile.start.model.project.Project> com.smile.start.web.controller.project.ProjectController.queryByParam(com.smile.start.model.base.PageRequest<com.smile.start.model.project.Project>)
22:02:45.443 INFO  [RequestMappingHandlerMapping] Mapped "{[/project/items/{id}],methods=[POST]}" onto public java.util.List<com.smile.start.model.project.ProjectItem> com.smile.start.web.controller.project.ProjectController.getAllItems(java.lang.Long)
22:02:45.443 INFO  [RequestMappingHandlerMapping] Mapped "{[/project/items/{id}/{type}],methods=[POST]}" onto public java.util.List<com.smile.start.model.project.ProjectItem> com.smile.start.web.controller.project.ProjectController.queryItems(java.lang.Long,java.lang.String)
22:02:45.443 INFO  [RequestMappingHandlerMapping] Mapped "{[/project/items],methods=[DELETE]}" onto public com.smile.start.model.base.BaseResult com.smile.start.web.controller.project.ProjectController.deleteItem(com.smile.start.model.project.ProjectItem)
22:02:45.443 INFO  [RequestMappingHandlerMapping] Mapped "{[/project/{id}/audit/{type}],methods=[GET]}" onto public com.smile.start.model.project.Audit com.smile.start.web.controller.project.ProjectController.getProjectAudit(java.lang.Long,java.lang.String)
22:02:45.443 INFO  [RequestMappingHandlerMapping] Mapped "{[/project/download],methods=[GET]}" onto public org.springframework.http.ResponseEntity<byte[]> com.smile.start.web.controller.project.ProjectController.download(java.lang.String) throws java.io.IOException
22:02:45.444 INFO  [RequestMappingHandlerMapping] Mapped "{[/past],methods=[GET]}" onto public java.lang.String com.smile.start.web.controller.project.PastController.index(javax.servlet.http.HttpServletRequest,org.springframework.ui.Model)
22:02:45.445 INFO  [RequestMappingHandlerMapping] Mapped "{[/past/{id}],methods=[POST]}" onto public com.smile.start.model.base.BaseResult com.smile.start.web.controller.project.PastController.skip(java.lang.Long)
22:02:45.445 INFO  [RequestMappingHandlerMapping] Mapped "{[/past],methods=[POST]}" onto public com.smile.start.model.base.BaseResult com.smile.start.web.controller.project.PastController.saved(com.smile.start.model.project.Past)
22:02:45.445 INFO  [RequestMappingHandlerMapping] Mapped "{[/past/project],methods=[GET]}" onto java.util.List<com.smile.start.model.project.Project> com.smile.start.web.controller.project.PastController.getProjects(javax.servlet.http.HttpServletRequest)
22:02:45.445 INFO  [RequestMappingHandlerMapping] Mapped "{[/past/meeting],methods=[GET]}" onto java.util.List<com.smile.start.model.meeting.Meeting> com.smile.start.web.controller.project.PastController.getMeetings()
22:02:45.445 INFO  [RequestMappingHandlerMapping] Mapped "{[/past/project/{projectId}/meetings],methods=[GET]}" onto java.util.List<com.smile.start.model.meeting.Meeting> com.smile.start.web.controller.project.PastController.getMeetings(java.lang.Long)
22:02:45.446 INFO  [RequestMappingHandlerMapping] Mapped "{[/applyHistory],methods=[GET]}" onto public java.lang.String com.smile.start.web.controller.project.ApplyHistoryController.index()
22:02:45.446 INFO  [RequestMappingHandlerMapping] Mapped "{[/applyHistory/query],methods=[POST]}" onto public com.github.pagehelper.PageInfo<com.smile.start.model.project.ApplyHistory> com.smile.start.web.controller.project.ApplyHistoryController.query(com.smile.start.model.base.PageRequest<com.smile.start.model.project.ApplyHistoryParam>)
22:02:45.447 INFO  [RequestMappingHandlerMapping] Mapped "{[/factoring],methods=[GET]}" onto public java.lang.String com.smile.start.web.controller.project.FactoringController.index(javax.servlet.http.HttpServletRequest,org.springframework.ui.Model)
22:02:45.447 INFO  [RequestMappingHandlerMapping] Mapped "{[/factoring],methods=[PUT]}" onto public com.smile.start.model.base.BaseResult com.smile.start.web.controller.project.FactoringController.update(javax.servlet.http.HttpServletRequest,com.smile.start.model.project.FactoringDetail)
22:02:45.447 INFO  [RequestMappingHandlerMapping] Mapped "{[/factoring],methods=[POST]}" onto public com.smile.start.model.base.BaseResult com.smile.start.web.controller.project.FactoringController.create(javax.servlet.http.HttpServletRequest,com.smile.start.model.project.FactoringDetail)
22:02:45.447 INFO  [RequestMappingHandlerMapping] Mapped "{[/factoring/{id}],methods=[GET]}" onto public com.smile.start.model.project.FactoringDetail com.smile.start.web.controller.project.FactoringController.getProjectDetail(java.lang.Long)
22:02:45.447 INFO  [RequestMappingHandlerMapping] Mapped "{[/factoring/infos],methods=[GET]}" onto public java.util.List<com.smile.start.model.project.FactoringsInfo> com.smile.start.web.controller.project.FactoringController.getInfos()
22:02:45.449 INFO  [RequestMappingHandlerMapping] Mapped "{[/flowConfig],methods=[GET]}" onto public java.lang.String com.smile.start.web.controller.common.FlowConfigController.index()
22:02:45.449 INFO  [RequestMappingHandlerMapping] Mapped "{[/flowConfig],methods=[POST]}" onto public com.smile.start.model.base.BaseResult com.smile.start.web.controller.common.FlowConfigController.add(com.smile.start.model.dto.FlowConfigDTO)
22:02:45.449 INFO  [RequestMappingHandlerMapping] Mapped "{[/flowConfig/{id}],methods=[GET]}" onto public com.smile.start.model.base.SingleResult<com.smile.start.model.dto.FlowConfigDTO> com.smile.start.web.controller.common.FlowConfigController.get(java.lang.Long)
22:02:45.450 INFO  [RequestMappingHandlerMapping] Mapped "{[/flowConfig],methods=[PUT]}" onto public com.smile.start.model.base.BaseResult com.smile.start.web.controller.common.FlowConfigController.update(com.smile.start.model.dto.FlowConfigDTO)
22:02:45.450 INFO  [RequestMappingHandlerMapping] Mapped "{[/flowConfig/{id}],methods=[DELETE]}" onto public com.smile.start.model.base.BaseResult com.smile.start.web.controller.common.FlowConfigController.delete(java.lang.Long)
22:02:45.450 INFO  [RequestMappingHandlerMapping] Mapped "{[/flowConfig/list],methods=[POST]}" onto public com.github.pagehelper.PageInfo<com.smile.start.model.dto.FlowConfigDTO> com.smile.start.web.controller.common.FlowConfigController.list(com.smile.start.model.base.PageRequest<com.smile.start.model.dto.FlowConfigSearchDTO>)
22:02:45.451 INFO  [RequestMappingHandlerMapping] Mapped "{[/flowConfig/status/{flowType}],methods=[GET]}" onto public com.smile.start.model.base.ListResult<com.smile.start.model.dto.FlowStatusDTO> com.smile.start.web.controller.common.FlowConfigController.status(int)
22:02:45.451 INFO  [RequestMappingHandlerMapping] Mapped "{[/common/chinese/{money}],methods=[GET]}" onto public java.lang.String com.smile.start.web.controller.common.CommonUtilsController.toChinese(java.lang.String)
22:02:45.452 INFO  [RequestMappingHandlerMapping] Mapped "{[/bankInfo],methods=[GET]}" onto public java.lang.String com.smile.start.web.controller.common.BankInfoController.index()
22:02:45.453 INFO  [RequestMappingHandlerMapping] Mapped "{[/bankInfo],methods=[POST]}" onto public com.smile.start.model.base.BaseResult com.smile.start.web.controller.common.BankInfoController.add(com.smile.start.model.dto.BankInfoDTO)
22:02:45.453 INFO  [RequestMappingHandlerMapping] Mapped "{[/bankInfo/{id}],methods=[GET]}" onto public com.smile.start.model.base.SingleResult<com.smile.start.model.dto.BankInfoDTO> com.smile.start.web.controller.common.BankInfoController.get(java.lang.Long)
22:02:45.453 INFO  [RequestMappingHandlerMapping] Mapped "{[/bankInfo],methods=[PUT]}" onto public com.smile.start.model.base.BaseResult com.smile.start.web.controller.common.BankInfoController.update(com.smile.start.model.dto.BankInfoDTO)
22:02:45.453 INFO  [RequestMappingHandlerMapping] Mapped "{[/bankInfo/{id}],methods=[DELETE]}" onto public com.smile.start.model.base.BaseResult com.smile.start.web.controller.common.BankInfoController.delete(java.lang.Long)
22:02:45.453 INFO  [RequestMappingHandlerMapping] Mapped "{[/bankInfo/list],methods=[POST]}" onto public com.github.pagehelper.PageInfo<com.smile.start.model.dto.BankInfoDTO> com.smile.start.web.controller.common.BankInfoController.list(com.smile.start.model.base.PageRequest<com.smile.start.model.dto.BankInfoSearchDTO>)
22:02:45.453 INFO  [RequestMappingHandlerMapping] Mapped "{[/bankInfo/list],methods=[GET]}" onto public com.smile.start.model.base.ListResult<com.smile.start.model.dto.BankInfoDTO> com.smile.start.web.controller.common.BankInfoController.list()
22:02:45.454 INFO  [RequestMappingHandlerMapping] Mapped "{[/file/{fileId}],methods=[DELETE]}" onto public com.smile.start.model.base.BaseResult com.smile.start.web.controller.common.FileApi.delete(java.lang.String)
22:02:45.455 INFO  [RequestMappingHandlerMapping] Mapped "{[/file/upload],methods=[POST]}" onto public com.smile.start.model.base.SingleResult<com.smile.start.model.common.FileInfo> com.smile.start.web.controller.common.FileApi.upload(org.springframework.web.multipart.MultipartFile,javax.servlet.http.HttpServletRequest)
22:02:45.456 INFO  [RequestMappingHandlerMapping] Mapped "{[/file/uploadInstallment],methods=[POST]}" onto public com.smile.start.model.base.SingleResult<com.smile.start.model.common.InstallmentFileInfo> com.smile.start.web.controller.common.FileApi.uploadInstallment(org.springframework.web.multipart.MultipartFile,javax.servlet.http.HttpServletRequest)
22:02:45.456 INFO  [RequestMappingHandlerMapping] Mapped "{[/file],methods=[GET]}" onto public void com.smile.start.web.controller.common.FileApi.download(javax.servlet.http.HttpServletRequest,javax.servlet.http.HttpServletResponse)
22:02:45.456 INFO  [RequestMappingHandlerMapping] Mapped "{[/id/{code}],methods=[GET]}" onto public java.lang.String com.smile.start.web.controller.common.GenIdApi.getGenId(java.lang.String)
22:02:45.457 INFO  [RequestMappingHandlerMapping] Mapped "{[/attch],methods=[DELETE]}" onto public com.smile.start.model.base.BaseResult com.smile.start.web.controller.common.AttachController.delete(com.smile.start.model.project.ProjectItem)
22:02:45.458 INFO  [RequestMappingHandlerMapping] Mapped "{[/signListTemplate],methods=[GET]}" onto public java.lang.String com.smile.start.web.controller.common.SignListTemplateController.index()
22:02:45.458 INFO  [RequestMappingHandlerMapping] Mapped "{[/signListTemplate],methods=[POST]}" onto public com.smile.start.model.base.BaseResult com.smile.start.web.controller.common.SignListTemplateController.add(com.smile.start.model.dto.SignListTemplateDTO)
22:02:45.458 INFO  [RequestMappingHandlerMapping] Mapped "{[/signListTemplate/{id}],methods=[GET]}" onto public com.smile.start.model.base.SingleResult<com.smile.start.model.dto.SignListTemplateDTO> com.smile.start.web.controller.common.SignListTemplateController.get(java.lang.Long)
22:02:45.458 INFO  [RequestMappingHandlerMapping] Mapped "{[/signListTemplate],methods=[PUT]}" onto public com.smile.start.model.base.BaseResult com.smile.start.web.controller.common.SignListTemplateController.update(com.smile.start.model.dto.SignListTemplateDTO)
22:02:45.458 INFO  [RequestMappingHandlerMapping] Mapped "{[/signListTemplate/{id}],methods=[DELETE]}" onto public com.smile.start.model.base.BaseResult com.smile.start.web.controller.common.SignListTemplateController.delete(java.lang.Long)
22:02:45.459 INFO  [RequestMappingHandlerMapping] Mapped "{[/signListTemplate/list/{projectMode}],methods=[GET]}" onto public com.smile.start.model.base.ListResult<com.smile.start.model.dto.SignListTemplateDTO> com.smile.start.web.controller.common.SignListTemplateController.list(java.lang.Integer)
22:02:45.459 INFO  [RequestMappingHandlerMapping] Mapped "{[/signListTemplate/list],methods=[POST]}" onto public com.github.pagehelper.PageInfo<com.smile.start.model.dto.SignListTemplateDTO> com.smile.start.web.controller.common.SignListTemplateController.list(com.smile.start.model.base.PageRequest<com.smile.start.model.dto.SignListTemplateSearchDTO>)
22:02:45.459 INFO  [RequestMappingHandlerMapping] Mapped "{[/meeting],methods=[GET]}" onto public java.lang.String com.smile.start.web.controller.meeting.MeetingController.index(javax.servlet.http.HttpServletRequest,org.springframework.ui.Model)
22:02:45.460 INFO  [RequestMappingHandlerMapping] Mapped "{[/meeting],methods=[PUT]}" onto public com.smile.start.model.base.BaseResult com.smile.start.web.controller.meeting.MeetingController.update(javax.servlet.http.HttpServletRequest,com.smile.start.model.meeting.MeetingExt)
22:02:45.460 INFO  [RequestMappingHandlerMapping] Mapped "{[/meeting],methods=[POST]}" onto public com.smile.start.model.base.BaseResult com.smile.start.web.controller.meeting.MeetingController.create(javax.servlet.http.HttpServletRequest,com.smile.start.model.meeting.MeetingExt)
22:02:45.460 INFO  [RequestMappingHandlerMapping] Mapped "{[/meeting/query],methods=[POST]}" onto public com.github.pagehelper.PageInfo<com.smile.start.model.meeting.MeetingExt> com.smile.start.web.controller.meeting.MeetingController.query(javax.servlet.http.HttpServletRequest,com.smile.start.model.base.PageRequest<com.smile.start.model.meeting.MeetingSearch>)
22:02:45.460 INFO  [RequestMappingHandlerMapping] Mapped "{[/minutes],methods=[GET]}" onto public java.lang.String com.smile.start.web.controller.meeting.MinutesController.index(javax.servlet.http.HttpServletRequest,org.springframework.ui.Model)
22:02:45.461 INFO  [RequestMappingHandlerMapping] Mapped "{[/minutes],methods=[POST]}" onto public com.smile.start.model.base.BaseResult com.smile.start.web.controller.meeting.MinutesController.saved(com.smile.start.model.meeting.Meeting)
22:02:45.461 INFO  [RequestMappingHandlerMapping] Mapped "{[/minutes/project],methods=[GET]}" onto public java.util.List<com.smile.start.model.project.Project> com.smile.start.web.controller.meeting.MinutesController.getProjects()
22:02:45.461 INFO  [RequestMappingHandlerMapping] Mapped "{[/minutes/download/{id}],methods=[GET]}" onto public void com.smile.start.web.controller.meeting.MinutesController.downloand(javax.servlet.http.HttpServletRequest,javax.servlet.http.HttpServletResponse,java.lang.Long) throws java.io.IOException,freemarker.template.TemplateException
22:02:45.461 INFO  [RequestMappingHandlerMapping] Mapped "{[/minutes/meeting/{id}],methods=[GET]}" onto public com.smile.start.model.meeting.Meeting com.smile.start.web.controller.meeting.MinutesController.getzMeeting(java.lang.Long)
22:02:45.461 INFO  [RequestMappingHandlerMapping] Mapped "{[ || /index],methods=[GET]}" onto public java.lang.String com.smile.start.web.controller.IndexController.index()
22:02:45.462 INFO  [RequestMappingHandlerMapping] Mapped "{[/nav],methods=[GET]}" onto public java.lang.String com.smile.start.web.controller.IndexController.nav()
22:02:45.462 INFO  [RequestMappingHandlerMapping] Mapped "{[/profit],methods=[GET]}" onto public java.lang.String com.smile.start.web.controller.report.ProfitController.index()
22:02:45.462 INFO  [RequestMappingHandlerMapping] Mapped "{[/profit/{month}],methods=[GET]}" onto public com.smile.start.model.project.Profit com.smile.start.web.controller.report.ProfitController.getProsfit(java.lang.String)
22:02:45.462 INFO  [RequestMappingHandlerMapping] Mapped "{[/assets],methods=[GET]}" onto public java.lang.String com.smile.start.web.controller.report.AssetsController.index()
22:02:45.463 INFO  [RequestMappingHandlerMapping] Mapped "{[/assets/{month}],methods=[GET]}" onto public java.util.List<com.smile.start.model.project.Assets> com.smile.start.web.controller.report.AssetsController.getAssets(java.lang.String)
22:02:45.463 INFO  [RequestMappingHandlerMapping] Mapped "{[/financeManage],methods=[GET]}" onto public java.lang.String com.smile.start.web.controller.finance.FinanceManageController.index()
22:02:45.464 INFO  [RequestMappingHandlerMapping] Mapped "{[/financeManage/query],methods=[POST]}" onto public com.github.pagehelper.PageInfo<com.smile.start.model.project.ProjectForView> com.smile.start.web.controller.finance.FinanceManageController.queryByParam(com.smile.start.model.base.PageRequest<com.smile.start.model.project.Project>,javax.servlet.http.HttpServletRequest)
22:02:45.464 INFO  [RequestMappingHandlerMapping] Mapped "{[/financeManage/isFinanceAdmin],methods=[GET]}" onto public com.smile.start.model.base.BaseResult com.smile.start.web.controller.finance.FinanceManageController.getUser(javax.servlet.http.HttpServletRequest)
22:02:45.464 INFO  [RequestMappingHandlerMapping] Mapped "{[/financeManage/financeUserList],methods=[GET]}" onto public java.util.List<com.smile.start.web.controller.combobox.Item> com.smile.start.web.controller.finance.FinanceManageController.getUserAll(javax.servlet.http.HttpServletRequest)
22:02:45.464 INFO  [RequestMappingHandlerMapping] Mapped "{[/financeManage/entrustAuth],methods=[POST]}" onto public com.smile.start.model.base.BaseResult com.smile.start.web.controller.finance.FinanceManageController.entrustAuth(com.smile.start.model.project.EntrustAuth,javax.servlet.http.HttpServletRequest)
22:02:45.464 INFO  [RequestMappingHandlerMapping] Mapped "{[/financeManage/entrustAuth/{id}],methods=[GET]}" onto public com.smile.start.model.base.BaseResult com.smile.start.web.controller.finance.FinanceManageController.queryEntrustAuth(java.lang.Long)
22:02:45.464 INFO  [RequestMappingHandlerMapping] Mapped "{[/fundFinanceManage],methods=[GET]}" onto public java.lang.String com.smile.start.web.controller.finance.FundFinanceController.index()
22:02:45.465 INFO  [RequestMappingHandlerMapping] Mapped "{[/financeOperation],methods=[GET]}" onto public java.lang.String com.smile.start.web.controller.finance.FinanceOperationController.index(javax.servlet.http.HttpServletRequest,org.springframework.ui.Model)
22:02:45.465 INFO  [RequestMappingHandlerMapping] Mapped "{[/financeOperation/saveLoanInstallment],methods=[POST]}" onto public com.smile.start.model.base.BaseResult com.smile.start.web.controller.finance.FinanceOperationController.saveLoanInstallment(com.smile.start.model.project.Project)
22:02:45.465 INFO  [RequestMappingHandlerMapping] Mapped "{[/financeOperation/saveReturnInstallment],methods=[POST]}" onto public com.smile.start.model.base.BaseResult com.smile.start.web.controller.finance.FinanceOperationController.saveReturnInstallment(com.smile.start.model.project.Project)
22:02:45.465 INFO  [RequestMappingHandlerMapping] Mapped "{[/financeOperation/saveFactoringInstallment],methods=[POST]}" onto public com.smile.start.model.base.BaseResult com.smile.start.web.controller.finance.FinanceOperationController.saveFactoringInstallment(com.smile.start.model.project.Project)
22:02:45.466 INFO  [RequestMappingHandlerMapping] Mapped "{[/fundFinanceOperate],methods=[GET]}" onto public java.lang.String com.smile.start.web.controller.finance.FundFinanceOperateController.index(javax.servlet.http.HttpServletRequest,org.springframework.ui.Model)
22:02:45.466 INFO  [RequestMappingHandlerMapping] Mapped "{[/fundFinanceOperate/save],methods=[POST]}" onto public com.smile.start.model.base.BaseResult com.smile.start.web.controller.finance.FundFinanceOperateController.save(com.smile.start.model.fund.FundTarget)
22:02:45.467 INFO  [RequestMappingHandlerMapping] Mapped "{[/finance],methods=[GET]}" onto public java.lang.String com.smile.start.web.controller.finance.FinanceOperateController.index()
22:02:45.467 INFO  [RequestMappingHandlerMapping] Mapped "{[/finance/query],methods=[POST]}" onto public com.github.pagehelper.PageInfo<com.smile.start.model.project.Project> com.smile.start.web.controller.finance.FinanceOperateController.queryByParam(com.smile.start.model.base.PageRequest<com.smile.start.model.project.Project>)
22:02:45.467 INFO  [RequestMappingHandlerMapping] Mapped "{[/finance/saveLoanInstallment],methods=[POST]}" onto public com.smile.start.model.base.BaseResult com.smile.start.web.controller.finance.FinanceOperateController.saveLoanInstallment(com.smile.start.model.project.Installment)
22:02:45.468 INFO  [RequestMappingHandlerMapping] Mapped "{[/filingProject],methods=[GET]}" onto public java.lang.String com.smile.start.web.controller.filing.FilingProjectController.index(javax.servlet.http.HttpServletRequest,org.springframework.ui.Model)
22:02:45.468 INFO  [RequestMappingHandlerMapping] Mapped "{[/filingProject/query],methods=[POST]}" onto public com.github.pagehelper.PageInfo<com.smile.start.model.project.Project> com.smile.start.web.controller.filing.FilingProjectController.queryByParam(com.smile.start.model.base.PageRequest<com.smile.start.model.project.Project>)
22:02:45.469 INFO  [RequestMappingHandlerMapping] Mapped "{[/filingAudit],methods=[GET]}" onto public java.lang.String com.smile.start.web.controller.filing.FilingAuditController.index(javax.servlet.http.HttpServletRequest,org.springframework.ui.Model)
22:02:45.469 INFO  [RequestMappingHandlerMapping] Mapped "{[/filingAudit/user],methods=[GET]}" onto public com.smile.start.model.base.BaseResult com.smile.start.web.controller.filing.FilingAuditController.getUser(javax.servlet.http.HttpServletRequest)
22:02:45.469 INFO  [RequestMappingHandlerMapping] Mapped "{[/filingAudit/{id}],methods=[GET]}" onto public com.smile.start.model.base.SingleResult<com.smile.start.model.filing.FilingApplyInfo> com.smile.start.web.controller.filing.FilingAuditController.findByProjectId(java.lang.Long)
22:02:45.470 INFO  [RequestMappingHandlerMapping] Mapped "{[/filingAudit/complete],methods=[POST]}" onto public com.smile.start.model.base.BaseResult com.smile.start.web.controller.filing.FilingAuditController.complete(javax.servlet.http.HttpServletRequest,com.smile.start.model.filing.FilingApplyInfo)
22:02:45.470 INFO  [RequestMappingHandlerMapping] Mapped "{[/filingAudit/reject],methods=[POST]}" onto public com.smile.start.model.base.BaseResult com.smile.start.web.controller.filing.FilingAuditController.reject(javax.servlet.http.HttpServletRequest,com.smile.start.model.filing.FilingApplyInfo)
22:02:45.470 INFO  [RequestMappingHandlerMapping] Mapped "{[/filingAudit/audit],methods=[POST]}" onto public com.smile.start.model.base.BaseResult com.smile.start.web.controller.filing.FilingAuditController.audit(javax.servlet.http.HttpServletRequest,com.smile.start.model.filing.FilingApplyInfo)
22:02:45.471 INFO  [RequestMappingHandlerMapping] Mapped "{[/filingApply],methods=[GET]}" onto public java.lang.String com.smile.start.web.controller.filing.FilingApplyController.index(javax.servlet.http.HttpServletRequest,org.springframework.ui.Model)
22:02:45.471 INFO  [RequestMappingHandlerMapping] Mapped "{[/filingApply/save],methods=[POST]}" onto public com.smile.start.model.base.BaseResult com.smile.start.web.controller.filing.FilingApplyController.save(com.smile.start.model.dto.ContractInfoDTO)
22:02:45.471 INFO  [RequestMappingHandlerMapping] Mapped "{[/filingApply/commit],methods=[POST]}" onto public com.smile.start.model.base.BaseResult com.smile.start.web.controller.filing.FilingApplyController.commit(javax.servlet.http.HttpServletRequest,com.smile.start.model.dto.ContractInfoDTO)
22:02:45.472 INFO  [RequestMappingHandlerMapping] Mapped "{[/login],methods=[GET]}" onto public java.lang.String com.smile.start.web.controller.login.LoginController.index()
22:02:45.472 INFO  [RequestMappingHandlerMapping] Mapped "{[/login/user],methods=[GET]}" onto public com.smile.start.model.login.LoginUser com.smile.start.web.controller.login.LoginController.getUser(javax.servlet.http.HttpServletRequest)
22:02:45.472 INFO  [RequestMappingHandlerMapping] Mapped "{[/login/user/wx],methods=[GET]}" onto public com.smile.start.model.auth.User com.smile.start.web.controller.login.LoginController.getUserByWx(javax.servlet.http.HttpServletRequest)
22:02:45.472 INFO  [RequestMappingHandlerMapping] Mapped "{[/login],methods=[POST]}" onto public com.smile.start.model.base.SingleResult<com.smile.start.model.dto.AuthUserInfoDTO> com.smile.start.web.controller.login.LoginController.login(com.smile.start.model.dto.LoginRequestDTO,javax.servlet.http.HttpServletRequest,javax.servlet.http.HttpServletResponse)
22:02:45.473 INFO  [RequestMappingHandlerMapping] Mapped "{[/logout],methods=[GET]}" onto public java.lang.String com.smile.start.web.controller.login.LogoutController.logout(javax.servlet.http.HttpServletRequest,javax.servlet.http.HttpServletResponse)
22:02:45.473 INFO  [RequestMappingHandlerMapping] Mapped "{[/deepTuning],methods=[GET]}" onto public java.lang.String com.smile.start.web.controller.fund.DeepTuningController.index(javax.servlet.http.HttpServletRequest,org.springframework.ui.Model)
22:02:45.473 INFO  [RequestMappingHandlerMapping] Mapped "{[/deepTuning],methods=[POST]}" onto public com.smile.start.model.base.BaseResult com.smile.start.web.controller.fund.DeepTuningController.save(java.util.List<com.smile.start.model.project.ProjectItem>)
22:02:45.474 INFO  [RequestMappingHandlerMapping] Mapped "{[/sasacAudit/{org}],methods=[GET]}" onto public java.lang.String com.smile.start.web.controller.fund.SasacAuditController.index(javax.servlet.http.HttpServletRequest,org.springframework.ui.Model,java.lang.String)
22:02:45.474 INFO  [RequestMappingHandlerMapping] Mapped "{[/sasacAudit/{status}],methods=[POST]}" onto public com.smile.start.model.base.BaseResult com.smile.start.web.controller.fund.SasacAuditController.save(java.util.List<com.smile.start.model.project.ProjectItem>,com.smile.start.model.enums.fund.FundStatus)
22:02:45.474 INFO  [RequestMappingHandlerMapping] Mapped "{[/initContact],methods=[GET]}" onto public java.lang.String com.smile.start.web.controller.fund.InitialContactController.index(javax.servlet.http.HttpServletRequest,org.springframework.ui.Model)
22:02:45.475 INFO  [RequestMappingHandlerMapping] Mapped "{[/initContact],methods=[POST]}" onto public com.smile.start.model.base.BaseResult com.smile.start.web.controller.fund.InitialContactController.save(java.util.List<com.smile.start.model.project.ProjectItem>)
22:02:45.477 INFO  [RequestMappingHandlerMapping] Mapped "{[/fund],methods=[GET]}" onto public java.lang.String com.smile.start.web.controller.fund.FundController.index()
22:02:45.477 INFO  [RequestMappingHandlerMapping] Mapped "{[/fund/{projectId}],methods=[GET]}" onto public com.smile.start.model.fund.FundTarget com.smile.start.web.controller.fund.FundController.get(java.lang.String)
22:02:45.477 INFO  [RequestMappingHandlerMapping] Mapped "{[/fund/query],methods=[POST]}" onto public com.github.pagehelper.PageInfo<com.smile.start.model.fund.FundProject> com.smile.start.web.controller.fund.FundController.query(com.smile.start.model.base.PageRequest<com.smile.start.model.project.BaseProjectQuery<com.smile.start.model.fund.FundTarget>>)
22:02:45.477 INFO  [RequestMappingHandlerMapping] Mapped "{[/fund],methods=[POST]}" onto public com.smile.start.model.base.BaseResult com.smile.start.web.controller.fund.FundController.createTarget(javax.servlet.http.HttpServletRequest,com.smile.start.model.project.BaseProject<com.smile.start.model.fund.FundTarget>)
22:02:45.478 INFO  [RequestMappingHandlerMapping] Mapped "{[/fund],methods=[PUT]}" onto public com.smile.start.model.base.BaseResult com.smile.start.web.controller.fund.FundController.modifyTarget(com.smile.start.model.project.BaseProject<com.smile.start.model.fund.FundTarget>)
22:02:45.478 INFO  [RequestMappingHandlerMapping] Mapped "{[/fund/infos],methods=[GET]}" onto public java.util.List<com.smile.start.model.fund.FundInfos> com.smile.start.web.controller.fund.FundController.getAllFundInfos()
22:02:45.478 INFO  [RequestMappingHandlerMapping] Mapped "{[/fund/company/{name}],methods=[GET]}" onto public com.smile.start.integration.tianyan.model.CompanyInfo com.smile.start.web.controller.fund.FundController.querCompanyInfo(java.lang.String)
22:02:45.478 INFO  [RequestMappingHandlerMapping] Mapped "{[/fund/download],methods=[GET]}" onto public org.springframework.http.ResponseEntity<byte[]> com.smile.start.web.controller.fund.FundController.download(java.lang.String) throws java.io.IOException
22:02:45.478 INFO  [RequestMappingHandlerMapping] Mapped "{[/innerAudit],methods=[POST]}" onto public com.smile.start.model.base.SingleResult<com.smile.start.model.project.Audit> com.smile.start.web.controller.fund.InnerAudit.index(javax.servlet.http.HttpServletRequest,com.smile.start.model.project.BaseProject<com.smile.start.model.fund.FundTarget>)
22:02:45.479 INFO  [RequestMappingHandlerMapping] Mapped "{[/initialTuning],methods=[GET]}" onto public java.lang.String com.smile.start.web.controller.fund.InitialTuningController.index(javax.servlet.http.HttpServletRequest,org.springframework.ui.Model)
22:02:45.479 INFO  [RequestMappingHandlerMapping] Mapped "{[/initialTuning/{status}],methods=[POST]}" onto public com.smile.start.model.base.BaseResult com.smile.start.web.controller.fund.InitialTuningController.save(java.util.List<com.smile.start.model.project.ProjectItem>,com.smile.start.model.enums.fund.FundStatus)
22:02:45.480 INFO  [RequestMappingHandlerMapping] Mapped "{[/fundContract],methods=[GET]}" onto public java.lang.String com.smile.start.web.controller.fund.FundContractController.index(javax.servlet.http.HttpServletRequest,org.springframework.ui.Model)
22:02:45.480 INFO  [RequestMappingHandlerMapping] Mapped "{[/fundContract],methods=[POST]}" onto public com.smile.start.model.base.BaseResult com.smile.start.web.controller.fund.FundContractController.save(java.util.List<com.smile.start.model.project.ProjectItem>)
22:02:45.480 INFO  [RequestMappingHandlerMapping] Mapped "{[/fundContract],methods=[PUT]}" onto public com.smile.start.model.base.BaseResult com.smile.start.web.controller.fund.FundContractController.pass(javax.servlet.http.HttpServletRequest,com.smile.start.model.project.BaseProject<com.smile.start.model.fund.FundTarget>)
22:02:45.480 INFO  [RequestMappingHandlerMapping] Mapped "{[/payment],methods=[GET]}" onto public java.lang.String com.smile.start.web.controller.fund.PaymentController.index(javax.servlet.http.HttpServletRequest,org.springframework.ui.Model)
22:02:45.481 INFO  [RequestMappingHandlerMapping] Mapped "{[/payment/{status}],methods=[POST]}" onto public com.smile.start.model.base.BaseResult com.smile.start.web.controller.fund.PaymentController.save(javax.servlet.http.HttpServletRequest,java.util.List<com.smile.start.model.project.ProjectItem>,com.smile.start.model.enums.fund.FundStatus)
22:02:45.483 INFO  [RequestMappingHandlerMapping] Mapped "{[/error]}" onto public org.springframework.http.ResponseEntity<java.util.Map<java.lang.String, java.lang.Object>> org.springframework.boot.autoconfigure.web.servlet.error.BasicErrorController.error(javax.servlet.http.HttpServletRequest)
22:02:45.484 INFO  [RequestMappingHandlerMapping] Mapped "{[/error],produces=[text/html]}" onto public org.springframework.web.servlet.ModelAndView org.springframework.boot.autoconfigure.web.servlet.error.BasicErrorController.errorHtml(javax.servlet.http.HttpServletRequest,javax.servlet.http.HttpServletResponse)
22:02:45.512 INFO  [SimpleUrlHandlerMapping] Mapped URL path [/webjars/**] onto handler of type [class org.springframework.web.servlet.resource.ResourceHttpRequestHandler]
22:02:45.512 INFO  [SimpleUrlHandlerMapping] Mapped URL path [/**] onto handler of type [class org.springframework.web.servlet.resource.ResourceHttpRequestHandler]
22:02:45.592 WARN  [TemplateMode] [THYMELEAF][main] Template Mode 'LEGACYHTML5' is deprecated. Using Template Mode 'HTML' instead.
22:02:45.902 INFO  [WelcomePageHandlerMapping] Adding welcome page template: index
22:02:46.136 INFO  [AnnotationMBeanExporter] Registering beans for JMX exposure on startup
22:02:46.138 INFO  [AnnotationMBeanExporter] Bean with name 'dataSource' has been autodetected for JMX exposure
22:02:46.143 INFO  [AnnotationMBeanExporter] Located MBean 'dataSource': registering with JMX server as MBean [com.zaxxer.hikari:name=dataSource,type=HikariDataSource]
22:02:46.152 INFO  [ScheduledAnnotationBeanPostProcessor] No TaskScheduler/ScheduledExecutorService bean found for scheduled processing
22:02:46.160 INFO  [Http11NioProtocol] Starting ProtocolHandler ["http-nio-80"]
22:02:46.179 INFO  [NioSelectorPool] Using a shared selector for servlet write/read
22:02:46.191 INFO  [TomcatWebServer] Tomcat started on port(s): 80 (http) with context path ''
22:02:46.195 INFO  [StartApplication] Started StartApplication in 6.149 seconds (JVM running for 6.851)
22:03:00.031 INFO  [HikariDataSource] HikariPool-1 - Starting...
22:03:00.553 INFO  [HikariDataSource] HikariPool-1 - Start completed.
22:03:00.682 INFO  [TimeQuartz] result=true
22:03:21.474 INFO  [[/]  ] Initializing Spring FrameworkServlet 'dispatcherServlet'
22:03:21.474 INFO  [DispatcherServlet] FrameworkServlet 'dispatcherServlet': initialization started
22:03:21.494 INFO  [DispatcherServlet] FrameworkServlet 'dispatcherServlet': initialization completed in 20 ms
22:03:21.577 INFO  [UserInfoServiceImpl] get getLoginUserByToken start...
22:03:21.577 INFO  [UserInfoServiceImpl] get token start...
22:03:21.594 INFO  [UserInfoServiceImpl] get token end...
22:03:21.594 INFO  [UserInfoServiceImpl] get user start...
22:03:21.611 INFO  [UserInfoServiceImpl] get user end...
22:03:21.611 INFO  [UserInfoServiceImpl] get role start...
22:03:21.649 INFO  [UserInfoServiceImpl] get role end...
22:03:21.649 INFO  [UserInfoServiceImpl] get permission start...
22:03:21.793 INFO  [UserInfoServiceImpl] get permission end...
22:03:21.793 INFO  [UserInfoServiceImpl] get organizational start...
22:03:21.812 INFO  [UserInfoServiceImpl] get organizational end...
22:03:21.812 INFO  [UserInfoServiceImpl] get getLoginUserByToken end...
22:03:22.283 WARN  [DecoratorProcessor] The layout:decorator/data-layout-decorator processor has been deprecated and will be removed in the next major version of the layout dialect.  Please use layout:decorate/data-layout-decorate instead to future-proof your code.  See https://github.com/ultraq/thymeleaf-layout-dialect/issues/95 for more information.
22:03:22.359 WARN  [ExpressionProcessor] Fragment expression "layout/frame" is being wrapped as a Thymeleaf 3 fragment expression (~{...}) for backwards compatibility purposes.  This wrapping will be dropped in the next major version of the expression processor, so please rewrite as a Thymeleaf 3 fragment expression to future-proof your code.  See https://github.com/thymeleaf/thymeleaf/issues/451 for more information.
22:03:22.852 INFO  [UserInfoServiceImpl] get getLoginUserByToken start...
22:03:22.852 INFO  [UserInfoServiceImpl] get token start...
22:03:22.887 INFO  [UserInfoServiceImpl] get token end...
22:03:22.887 INFO  [UserInfoServiceImpl] get user start...
22:03:22.906 INFO  [UserInfoServiceImpl] get user end...
22:03:22.906 INFO  [UserInfoServiceImpl] get role start...
22:03:22.936 INFO  [UserInfoServiceImpl] get role end...
22:03:22.936 INFO  [UserInfoServiceImpl] get permission start...
22:03:23.000 INFO  [UserInfoServiceImpl] get getLoginUserByToken start...
22:03:23.001 INFO  [UserInfoServiceImpl] get token start...
22:03:23.021 INFO  [UserInfoServiceImpl] get token end...
22:03:23.022 INFO  [UserInfoServiceImpl] get user start...
22:03:23.024 WARN  [ExpressionProcessor] Fragment expression "layout/layout" is being wrapped as a Thymeleaf 3 fragment expression (~{...}) for backwards compatibility purposes.  This wrapping will be dropped in the next major version of the expression processor, so please rewrite as a Thymeleaf 3 fragment expression to future-proof your code.  See https://github.com/thymeleaf/thymeleaf/issues/451 for more information.
22:03:23.041 INFO  [UserInfoServiceImpl] get user end...
22:03:23.041 INFO  [UserInfoServiceImpl] get role start...
22:03:23.070 INFO  [UserInfoServiceImpl] get role end...
22:03:23.070 INFO  [UserInfoServiceImpl] get permission start...
22:03:23.097 INFO  [UserInfoServiceImpl] get permission end...
22:03:23.097 INFO  [UserInfoServiceImpl] get organizational start...
22:03:23.116 INFO  [UserInfoServiceImpl] get organizational end...
22:03:23.116 INFO  [UserInfoServiceImpl] get getLoginUserByToken end...
22:03:23.179 INFO  [UserInfoServiceImpl] get getLoginUserByToken start...
22:03:23.179 INFO  [UserInfoServiceImpl] get token start...
22:03:23.204 INFO  [UserInfoServiceImpl] get token end...
22:03:23.204 INFO  [UserInfoServiceImpl] get user start...
22:03:23.222 INFO  [UserInfoServiceImpl] get permission end...
22:03:23.222 INFO  [UserInfoServiceImpl] get organizational start...
22:03:23.228 INFO  [UserInfoServiceImpl] get user end...
22:03:23.228 INFO  [UserInfoServiceImpl] get role start...
22:03:23.240 INFO  [UserInfoServiceImpl] get organizational end...
22:03:23.240 INFO  [UserInfoServiceImpl] get getLoginUserByToken end...
22:03:23.261 INFO  [UserInfoServiceImpl] get role end...
22:03:23.261 INFO  [UserInfoServiceImpl] get permission start...
22:03:23.465 INFO  [UserInfoServiceImpl] get permission end...
22:03:23.465 INFO  [UserInfoServiceImpl] get organizational start...
22:03:23.489 INFO  [UserInfoServiceImpl] get organizational end...
22:03:23.489 INFO  [UserInfoServiceImpl] get getLoginUserByToken end...
22:03:24.723 INFO  [UserInfoServiceImpl] get getLoginUserByToken start...
22:03:24.723 INFO  [UserInfoServiceImpl] get token start...
22:03:24.740 INFO  [UserInfoServiceImpl] get token end...
22:03:24.740 INFO  [UserInfoServiceImpl] get user start...
22:03:24.757 INFO  [UserInfoServiceImpl] get user end...
22:03:24.758 INFO  [UserInfoServiceImpl] get role start...
22:03:24.780 INFO  [UserInfoServiceImpl] get role end...
22:03:24.780 INFO  [UserInfoServiceImpl] get permission start...
22:03:24.914 INFO  [UserInfoServiceImpl] get permission end...
22:03:24.914 INFO  [UserInfoServiceImpl] get organizational start...
22:03:24.934 INFO  [UserInfoServiceImpl] get organizational end...
22:03:24.934 INFO  [UserInfoServiceImpl] get getLoginUserByToken end...
